[
  {
    "modalities": "metadata",
    "success": false,
    "error": "cannot access free variable 'StandardScaler' where it is not associated with a value in enclosing scope",
    "traceback": "Traceback (most recent call last):\n  File \"/home/rezab/projects/DFUMultiClassification/agent_communication/test_comprehensive_cv.py\", line 163, in run_modality_test\n    results = cross_validation_manual_split(\n              ^^^^^^^^^^^^^^^^^^^^^^^^^^^^^^\n  File \"/home/rezab/projects/DFUMultiClassification/src/training/training_utils.py\", line 918, in cross_validation_manual_split\n    data_manager.process_all_modalities()\n  File \"/home/rezab/projects/DFUMultiClassification/src/training/training_utils.py\", line 263, in process_all_modalities\n    temp_train, _, _, _, _, _ = prepare_cached_datasets(\n                                ^^^^^^^^^^^^^^^^^^^^^^^^\n  File \"/home/rezab/projects/DFUMultiClassification/src/data/dataset_utils.py\", line 961, in prepare_cached_datasets\n    train_data, rf_model1, rf_model2 = preprocess_split(source_data, is_training=True, class_weight_dict_binary1=class_weight_dict_binary1, class_weight_dict_binary2=class_weight_dict_binary2)\n                                       ^^^^^^^^^^^^^^^^^^^^^^^^^^^^^^^^^^^^^^^^^^^^^^^^^^^^^^^^^^^^^^^^^^^^^^^^^^^^^^^^^^^^^^^^^^^^^^^^^^^^^^^^^^^^^^^^^^^^^^^^^^^^^^^^^^^^^^^^^^^^^^^^^^^^^^^^^\n  File \"/home/rezab/projects/DFUMultiClassification/src/data/dataset_utils.py\", line 823, in preprocess_split\n    scaler = StandardScaler()\n             ^^^^^^^^^^^^^^\nNameError: cannot access free variable 'StandardScaler' where it is not associated with a value in enclosing scope\n"
  },
  {
    "modalities": "depth_rgb",
    "success": false,
    "error": "cannot access free variable 'StandardScaler' where it is not associated with a value in enclosing scope",
    "traceback": "Traceback (most recent call last):\n  File \"/home/rezab/projects/DFUMultiClassification/agent_communication/test_comprehensive_cv.py\", line 163, in run_modality_test\n    results = cross_validation_manual_split(\n              ^^^^^^^^^^^^^^^^^^^^^^^^^^^^^^\n  File \"/home/rezab/projects/DFUMultiClassification/src/training/training_utils.py\", line 918, in cross_validation_manual_split\n    data_manager.process_all_modalities()\n  File \"/home/rezab/projects/DFUMultiClassification/src/training/training_utils.py\", line 263, in process_all_modalities\n    temp_train, _, _, _, _, _ = prepare_cached_datasets(\n                                ^^^^^^^^^^^^^^^^^^^^^^^^\n  File \"/home/rezab/projects/DFUMultiClassification/src/data/dataset_utils.py\", line 961, in prepare_cached_datasets\n    train_data, rf_model1, rf_model2 = preprocess_split(source_data, is_training=True, class_weight_dict_binary1=class_weight_dict_binary1, class_weight_dict_binary2=class_weight_dict_binary2)\n                                       ^^^^^^^^^^^^^^^^^^^^^^^^^^^^^^^^^^^^^^^^^^^^^^^^^^^^^^^^^^^^^^^^^^^^^^^^^^^^^^^^^^^^^^^^^^^^^^^^^^^^^^^^^^^^^^^^^^^^^^^^^^^^^^^^^^^^^^^^^^^^^^^^^^^^^^^^^\n  File \"/home/rezab/projects/DFUMultiClassification/src/data/dataset_utils.py\", line 823, in preprocess_split\n    scaler = StandardScaler()\n             ^^^^^^^^^^^^^^\nNameError: cannot access free variable 'StandardScaler' where it is not associated with a value in enclosing scope\n"
  },
  {
    "modalities": "depth_map",
    "success": false,
    "error": "cannot access free variable 'StandardScaler' where it is not associated with a value in enclosing scope",
    "traceback": "Traceback (most recent call last):\n  File \"/home/rezab/projects/DFUMultiClassification/agent_communication/test_comprehensive_cv.py\", line 163, in run_modality_test\n    results = cross_validation_manual_split(\n              ^^^^^^^^^^^^^^^^^^^^^^^^^^^^^^\n  File \"/home/rezab/projects/DFUMultiClassification/src/training/training_utils.py\", line 918, in cross_validation_manual_split\n    data_manager.process_all_modalities()\n  File \"/home/rezab/projects/DFUMultiClassification/src/training/training_utils.py\", line 263, in process_all_modalities\n    temp_train, _, _, _, _, _ = prepare_cached_datasets(\n                                ^^^^^^^^^^^^^^^^^^^^^^^^\n  File \"/home/rezab/projects/DFUMultiClassification/src/data/dataset_utils.py\", line 961, in prepare_cached_datasets\n    train_data, rf_model1, rf_model2 = preprocess_split(source_data, is_training=True, class_weight_dict_binary1=class_weight_dict_binary1, class_weight_dict_binary2=class_weight_dict_binary2)\n                                       ^^^^^^^^^^^^^^^^^^^^^^^^^^^^^^^^^^^^^^^^^^^^^^^^^^^^^^^^^^^^^^^^^^^^^^^^^^^^^^^^^^^^^^^^^^^^^^^^^^^^^^^^^^^^^^^^^^^^^^^^^^^^^^^^^^^^^^^^^^^^^^^^^^^^^^^^^\n  File \"/home/rezab/projects/DFUMultiClassification/src/data/dataset_utils.py\", line 823, in preprocess_split\n    scaler = StandardScaler()\n             ^^^^^^^^^^^^^^\nNameError: cannot access free variable 'StandardScaler' where it is not associated with a value in enclosing scope\n"
  },
  {
    "modalities": "thermal_map",
    "success": false,
    "error": "cannot access free variable 'StandardScaler' where it is not associated with a value in enclosing scope",
    "traceback": "Traceback (most recent call last):\n  File \"/home/rezab/projects/DFUMultiClassification/agent_communication/test_comprehensive_cv.py\", line 163, in run_modality_test\n    results = cross_validation_manual_split(\n              ^^^^^^^^^^^^^^^^^^^^^^^^^^^^^^\n  File \"/home/rezab/projects/DFUMultiClassification/src/training/training_utils.py\", line 918, in cross_validation_manual_split\n    data_manager.process_all_modalities()\n  File \"/home/rezab/projects/DFUMultiClassification/src/training/training_utils.py\", line 263, in process_all_modalities\n    temp_train, _, _, _, _, _ = prepare_cached_datasets(\n                                ^^^^^^^^^^^^^^^^^^^^^^^^\n  File \"/home/rezab/projects/DFUMultiClassification/src/data/dataset_utils.py\", line 961, in prepare_cached_datasets\n    train_data, rf_model1, rf_model2 = preprocess_split(source_data, is_training=True, class_weight_dict_binary1=class_weight_dict_binary1, class_weight_dict_binary2=class_weight_dict_binary2)\n                                       ^^^^^^^^^^^^^^^^^^^^^^^^^^^^^^^^^^^^^^^^^^^^^^^^^^^^^^^^^^^^^^^^^^^^^^^^^^^^^^^^^^^^^^^^^^^^^^^^^^^^^^^^^^^^^^^^^^^^^^^^^^^^^^^^^^^^^^^^^^^^^^^^^^^^^^^^^\n  File \"/home/rezab/projects/DFUMultiClassification/src/data/dataset_utils.py\", line 823, in preprocess_split\n    scaler = StandardScaler()\n             ^^^^^^^^^^^^^^\nNameError: cannot access free variable 'StandardScaler' where it is not associated with a value in enclosing scope\n"
  },
  {
    "modalities": "metadata+depth_rgb",
    "success": false,
    "error": "cannot access free variable 'StandardScaler' where it is not associated with a value in enclosing scope",
    "traceback": "Traceback (most recent call last):\n  File \"/home/rezab/projects/DFUMultiClassification/agent_communication/test_comprehensive_cv.py\", line 163, in run_modality_test\n    results = cross_validation_manual_split(\n              ^^^^^^^^^^^^^^^^^^^^^^^^^^^^^^\n  File \"/home/rezab/projects/DFUMultiClassification/src/training/training_utils.py\", line 918, in cross_validation_manual_split\n    data_manager.process_all_modalities()\n  File \"/home/rezab/projects/DFUMultiClassification/src/training/training_utils.py\", line 263, in process_all_modalities\n    temp_train, _, _, _, _, _ = prepare_cached_datasets(\n                                ^^^^^^^^^^^^^^^^^^^^^^^^\n  File \"/home/rezab/projects/DFUMultiClassification/src/data/dataset_utils.py\", line 961, in prepare_cached_datasets\n    train_data, rf_model1, rf_model2 = preprocess_split(source_data, is_training=True, class_weight_dict_binary1=class_weight_dict_binary1, class_weight_dict_binary2=class_weight_dict_binary2)\n                                       ^^^^^^^^^^^^^^^^^^^^^^^^^^^^^^^^^^^^^^^^^^^^^^^^^^^^^^^^^^^^^^^^^^^^^^^^^^^^^^^^^^^^^^^^^^^^^^^^^^^^^^^^^^^^^^^^^^^^^^^^^^^^^^^^^^^^^^^^^^^^^^^^^^^^^^^^^\n  File \"/home/rezab/projects/DFUMultiClassification/src/data/dataset_utils.py\", line 823, in preprocess_split\n    scaler = StandardScaler()\n             ^^^^^^^^^^^^^^\nNameError: cannot access free variable 'StandardScaler' where it is not associated with a value in enclosing scope\n"
  }
]